2014-07-08 08:31:54.5 JOHN-PC[1620]:BarsWF:I:------------------------------
2014-07-08 08:31:54.5 JOHN-PC[1620]:BarsWF:I:BarsWF started
2014-07-08 08:31:54.5 JOHN-PC[1620]:BarsWF:I:Init CUDA
2014-07-08 08:31:55.1 JOHN-PC[1620]:BarsWF:I:Init SSE2
2014-07-08 08:31:55.3 JOHN-PC[1620]:BarsWF:I:Init Display
2014-07-08 08:31:55.3 JOHN-PC[1620]:BarsWF:I:CUDA thread start GPU#0
2014-07-08 08:31:55.4 JOHN-PC[1620]:BarsWF:I:Init CUDA thread #0
2014-07-08 08:31:55.4 JOHN-PC[1620]:BarsWF:I:Detecting CUDA performance for GPU#0
2014-07-08 08:31:55.6 JOHN-PC[1620]:BarsWF:I:State saved.
2014-07-08 08:31:55.7 JOHN-PC[1620]:BarsWF:I:GPU#0 Time spent: 21.001
2014-07-08 08:31:55.7 JOHN-PC[1620]:BarsWF:I:GPU#0 New amount of work per kernel: 16 : 1024
2014-07-08 08:31:55.8 JOHN-PC[1620]:BarsWF:I:CUDA thread stop GPU#0
2014-07-08 08:31:56.5 JOHN-PC[1620]:BarsWF:I:CUDA thread start GPU#0
2014-07-08 08:31:56.5 JOHN-PC[1620]:BarsWF:I:Init CUDA thread #0
2014-07-08 08:31:57.0 JOHN-PC[1620]:BarsWF:I:CUDA thread stop GPU#0
2014-07-08 08:31:57.8 JOHN-PC[1620]:BarsWF:I:CUDA thread start GPU#0
2014-07-08 08:31:57.8 JOHN-PC[1620]:BarsWF:I:Init CUDA thread #0
2014-07-08 08:32:14.8 JOHN-PC[1620]:BarsWF:I:CUDA thread stop GPU#0
2014-07-08 08:32:15.1 JOHN-PC[1620]:BarsWF:I:CUDA thread start GPU#0
2014-07-08 08:32:15.1 JOHN-PC[1620]:BarsWF:I:Init CUDA thread #0
