[
    "sunshine.sinosig.com", 
    "query.sinosig.com", 
    "miq.sinosig.com", 
    "service.sinosig.com", 
    "club.sinosig.com", 
    "taobao.sinosig.com", 
    "car.sinosig.com", 
    "asset.sinosig.com", 
    "yangguang.sinosig.com", 
    "life.sinosig.com", 
    "yyclub.sinosig.com", 
    "event.sinosig.com", 
    "static.sinosig.com", 
    "about.sinosig.com", 
    "mail.sinosig.com", 
    "huodong.sinosig.com", 
    "paycar.sinosig.com", 
    "cms.sinosig.com", 
    "sfpp.sinosig.com", 
    "card-temp.sinosig.com", 
    "gift.sinosig.com", 
    "wap.sinosig.com", 
    "chexian.sinosig.com", 
    "zxkf.sinosig.com", 
    "www.sinosig.com", 
    "icounter.sinosig.com", 
    "service-temp.sinosig.com", 
    "product.sinosig.com", 
    "ec.sinosig.com", 
    "e-cargo.sinosig.com", 
    "pay.sinosig.com", 
    "s.sinosig.com", 
    "www.sinosig.com.", 
    "1icounter.sinosig.com", 
    "photo.sinosig.com", 
    "sinosig.com", 
    "lady.sinosig.com", 
    "ebao.sinosig.com", 
    "sdc.sinosig.com", 
    "card.sinosig.com", 
    "testeygtx.sinosig.com", 
    "activecard.sinosig.com", 
    "auth.sinosig.com", 
    "m.sinosig.com", 
    "sai.sinosig.com", 
    "sunzhaopin.sinosig.com", 
    "wecare.sinosig.com", 
    "epolicy.sinosig.com", 
    "home.sinosig.com"
]